This is LuaTeX, Version beta-0.70.2-2012062819 (TeX Live 2012) (format=lualatex 2012.6.30)  26 SEP 2012 18:54
 restricted \write18 enabled.
**beamer_test.
(/usr/local/texlive/2012/texmf-dist/tex/latex/tools/x.tex
! Interruption.
<to be read again> 
                   \begingroup 
l.1 
    %%
? q
OK, entering \batchmode...
LaTeX2e <2011/06/27>
LuaTeX adaptation of babel <v3.8m-luatex-1.5> and hyphenation patterns for engl
ish, dumylang, nohyphenation, loaded.

! .
l.34   \batchmode \errmessage{}
                               \csname @@end\endcsname \end
This error message was generated by an \errmessage
command, so I can't give any explicit help.
Pretend that you're Hercule Poirot: Examine all clues,
and deduce the truth by order and method.

 )

Here is how much of LuaTeX's memory you used:
 9 strings out of 494982
 100000,89155 words of node,token memory allocated
 182 words of node memory still in use:
   31 glue_spec nodes
   avail lists: 2:12,3:1,6:1
 3675 multiletter control sequences out of 65536+200000
 14 fonts using 563007 bytes
 5i,0n,2p,91b,14s stack positions out of 5000i,500n,10000p,200000b,50000s
No pages of output.

PDF statistics: 0 PDF objects out of 1000 (max. 8388607)
 0 named destinations out of 1000 (max. 131072)
 1 words of extra memory for PDF output out of 10000 (max. 10000000)

